Connecting to database specified by database.yml
Connecting to database specified by database.yml
Connecting to database specified by database.yml
Connecting to database specified by database.yml
  [1m[36m (1.3ms)[0m  [1mselect sqlite_version(*)[0m
  [1m[35m (6.1ms)[0m  CREATE TABLE "schema_migrations" ("version" varchar(255) NOT NULL) 
  [1m[36m (4.3ms)[0m  [1mCREATE UNIQUE INDEX "unique_schema_migrations" ON "schema_migrations" ("version")[0m
  [1m[35m (2.0ms)[0m  SELECT "schema_migrations"."version" FROM "schema_migrations" 
Migrating to CreateUsers (20130612190340)
  [1m[36m (0.0ms)[0m  [1mbegin transaction[0m
  [1m[35m (1.3ms)[0m  CREATE TABLE "users" ("id" INTEGER PRIMARY KEY AUTOINCREMENT NOT NULL, "name" varchar(255), "lastname" varchar(255), "alias" varchar(255), "email" varchar(255), "pass" varchar(255), "role" boolean, "created_at" datetime NOT NULL, "updated_at" datetime NOT NULL) 
  [1m[36m (0.6ms)[0m  [1mINSERT INTO "schema_migrations" ("version") VALUES ('20130612190340')[0m
  [1m[35m (3.6ms)[0m  commit transaction
Migrating to CreateCareers (20130612190603)
  [1m[36m (0.1ms)[0m  [1mbegin transaction[0m
  [1m[35m (0.7ms)[0m  CREATE TABLE "careers" ("id" INTEGER PRIMARY KEY AUTOINCREMENT NOT NULL, "name" varchar(255), "created_at" datetime NOT NULL, "updated_at" datetime NOT NULL) 
  [1m[36m (0.6ms)[0m  [1mINSERT INTO "schema_migrations" ("version") VALUES ('20130612190603')[0m
  [1m[35m (11.6ms)[0m  commit transaction
Migrating to CreateUserCareers (20130612190729)
  [1m[36m (0.1ms)[0m  [1mbegin transaction[0m
  [1m[35m (10.9ms)[0m  CREATE TABLE "user_careers" ("id" INTEGER PRIMARY KEY AUTOINCREMENT NOT NULL, "user_id" integer, "career_id" integer, "created_at" datetime NOT NULL, "updated_at" datetime NOT NULL) 
  [1m[36m (1.2ms)[0m  [1mINSERT INTO "schema_migrations" ("version") VALUES ('20130612190729')[0m
  [1m[35m (3.0ms)[0m  commit transaction
  [1m[36m (0.1ms)[0m  [1mSELECT "schema_migrations"."version" FROM "schema_migrations" [0m
Connecting to database specified by database.yml


Started GET "/assets/rails.png" for 127.0.0.1 at 2013-06-12 16:10:14 -0300
Served asset /rails.png - 200 OK (7ms)


Started GET "/users/new" for 127.0.0.1 at 2013-06-12 16:10:22 -0300
Processing by UsersController#new as HTML
  Rendered users/_form.html.erb (68.2ms)
  Rendered users/new.html.erb within layouts/application (79.9ms)
Completed 500 Internal Server Error in 236ms

ActionView::Template::Error (undefined method `user_career' for #<User:0x930637c>):
    33:   </div>
    34:   <div class="field">
    35:     <%= f.label :user_career %><br />
    36:     <%= f.text_field :user_career %>
    37:   </div>
    38:   <div class="field">
    39:     <%= f.label :role %><br />
  app/views/users/_form.html.erb:36:in `block in _app_views_users__form_html_erb___916498430_76962340'
  app/views/users/_form.html.erb:1:in `_app_views_users__form_html_erb___916498430_76962340'
  app/views/users/new.html.erb:3:in `_app_views_users_new_html_erb___854591756_81936190'
  app/controllers/users_controller.rb:29:in `new'


  Rendered /home/web/.rvm/gems/ruby-1.9.3-p392/gems/actionpack-3.2.13/lib/action_dispatch/middleware/templates/rescues/_trace.erb (2.0ms)
  Rendered /home/web/.rvm/gems/ruby-1.9.3-p392/gems/actionpack-3.2.13/lib/action_dispatch/middleware/templates/rescues/_request_and_response.erb (5.8ms)
  Rendered /home/web/.rvm/gems/ruby-1.9.3-p392/gems/actionpack-3.2.13/lib/action_dispatch/middleware/templates/rescues/template_error.erb within rescues/layout (19.6ms)


Started GET "/users/new" for 127.0.0.1 at 2013-06-12 16:10:41 -0300
Processing by UsersController#new as HTML
  Rendered users/_form.html.erb (14.3ms)
  Rendered users/new.html.erb within layouts/application (18.8ms)
Compiled careers.css  (27ms)  (pid 2486)
Compiled scaffolds.css  (25ms)  (pid 2486)
Compiled user_careers.css  (1ms)  (pid 2486)
Compiled users.css  (1ms)  (pid 2486)
Compiled application.css  (137ms)  (pid 2486)
Compiled jquery.js  (6ms)  (pid 2486)
Compiled jquery_ujs.js  (0ms)  (pid 2486)
Compiled careers.js  (225ms)  (pid 2486)
Compiled user_careers.js  (1ms)  (pid 2486)
Compiled users.js  (1ms)  (pid 2486)
Compiled application.js  (335ms)  (pid 2486)
Completed 200 OK in 633ms (Views: 628.0ms | ActiveRecord: 0.0ms)


Started GET "/assets/careers.css?body=1" for 127.0.0.1 at 2013-06-12 16:10:42 -0300
Served asset /careers.css - 200 OK (2ms)


Started GET "/assets/user_careers.css?body=1" for 127.0.0.1 at 2013-06-12 16:10:42 -0300
Served asset /user_careers.css - 200 OK (1ms)


Started GET "/assets/users.css?body=1" for 127.0.0.1 at 2013-06-12 16:10:42 -0300
Served asset /users.css - 200 OK (1ms)


Started GET "/assets/careers.js?body=1" for 127.0.0.1 at 2013-06-12 16:10:42 -0300
Served asset /careers.js - 200 OK (1ms)


Started GET "/assets/user_careers.js?body=1" for 127.0.0.1 at 2013-06-12 16:10:42 -0300
Served asset /user_careers.js - 200 OK (11ms)


Started GET "/assets/users.js?body=1" for 127.0.0.1 at 2013-06-12 16:10:42 -0300
Served asset /users.js - 200 OK (1ms)


Started GET "/assets/application.css?body=1" for 127.0.0.1 at 2013-06-12 16:10:42 -0300
Served asset /application.css - 304 Not Modified (32ms)


Started GET "/assets/scaffolds.css?body=1" for 127.0.0.1 at 2013-06-12 16:10:42 -0300
Served asset /scaffolds.css - 304 Not Modified (1ms)


Started GET "/assets/jquery.js?body=1" for 127.0.0.1 at 2013-06-12 16:10:42 -0300
Served asset /jquery.js - 200 OK (16ms)


Started GET "/assets/jquery_ujs.js?body=1" for 127.0.0.1 at 2013-06-12 16:10:42 -0300
Served asset /jquery_ujs.js - 200 OK (12ms)


Started GET "/assets/application.js?body=1" for 127.0.0.1 at 2013-06-12 16:10:42 -0300
Served asset /application.js - 200 OK (40ms)


Started POST "/users" for 127.0.0.1 at 2013-06-12 16:10:56 -0300
Processing by UsersController#create as HTML
  Parameters: {"utf8"=>"✓", "authenticity_token"=>"cqruGCZZeK7Gdx2tge9wl6W5kM4cwU+2UVkD+k7j3vI=", "user"=>{"name"=>"pepe", "lastname"=>"argento", "alias"=>"pepe", "email"=>"ema", "pass"=>"pass", "role"=>"0"}, "commit"=>"Create User"}
  [1m[36m (0.2ms)[0m  [1mbegin transaction[0m
  [1m[35mSQL (27.1ms)[0m  INSERT INTO "users" ("alias", "created_at", "email", "lastname", "name", "pass", "role", "updated_at") VALUES (?, ?, ?, ?, ?, ?, ?, ?)  [["alias", "pepe"], ["created_at", Wed, 12 Jun 2013 19:10:56 UTC +00:00], ["email", "ema"], ["lastname", "argento"], ["name", "pepe"], ["pass", "pass"], ["role", false], ["updated_at", Wed, 12 Jun 2013 19:10:56 UTC +00:00]]
  [1m[36m (8.6ms)[0m  [1mcommit transaction[0m
Redirected to http://localhost:3000/users/1
Completed 302 Found in 42ms (ActiveRecord: 35.9ms)


Started GET "/users/1" for 127.0.0.1 at 2013-06-12 16:10:56 -0300
Processing by UsersController#show as HTML
  Parameters: {"id"=>"1"}
  [1m[35mUser Load (0.7ms)[0m  SELECT "users".* FROM "users" WHERE "users"."id" = ? LIMIT 1  [["id", "1"]]
  Rendered users/show.html.erb within layouts/application (3.0ms)
Completed 500 Internal Server Error in 11ms

ActionView::Template::Error (undefined method `user_career' for #<User:0xa0ede04>):
    27: 
    28: <p>
    29:   <b>User career:</b>
    30:   <%= @user.user_career %>
    31: </p>
    32: 
    33: <p>
  app/views/users/show.html.erb:30:in `_app_views_users_show_html_erb___867408082_84367960'
  app/controllers/users_controller.rb:18:in `show'


  Rendered /home/web/.rvm/gems/ruby-1.9.3-p392/gems/actionpack-3.2.13/lib/action_dispatch/middleware/templates/rescues/_trace.erb (3.3ms)
  Rendered /home/web/.rvm/gems/ruby-1.9.3-p392/gems/actionpack-3.2.13/lib/action_dispatch/middleware/templates/rescues/_request_and_response.erb (4.7ms)
  Rendered /home/web/.rvm/gems/ruby-1.9.3-p392/gems/actionpack-3.2.13/lib/action_dispatch/middleware/templates/rescues/template_error.erb within rescues/layout (19.7ms)


Started GET "/careers/new" for 127.0.0.1 at 2013-06-12 16:11:08 -0300
Processing by CareersController#new as HTML
  Rendered careers/_form.html.erb (0.2ms)
  Rendered careers/new.html.erb within layouts/application (7.2ms)
Completed 200 OK in 60ms (Views: 51.3ms | ActiveRecord: 0.4ms)


Started GET "/assets/application.css?body=1" for 127.0.0.1 at 2013-06-12 16:11:08 -0300
Served asset /application.css - 304 Not Modified (0ms)


Started GET "/assets/scaffolds.css?body=1" for 127.0.0.1 at 2013-06-12 16:11:08 -0300
Served asset /scaffolds.css - 304 Not Modified (0ms)


Started GET "/assets/user_careers.css?body=1" for 127.0.0.1 at 2013-06-12 16:11:08 -0300
Served asset /user_careers.css - 304 Not Modified (0ms)


Started GET "/assets/user_careers.js?body=1" for 127.0.0.1 at 2013-06-12 16:11:08 -0300
Served asset /user_careers.js - 304 Not Modified (0ms)


Started POST "/careers" for 127.0.0.1 at 2013-06-12 16:11:15 -0300
Processing by CareersController#create as HTML
  Parameters: {"utf8"=>"✓", "authenticity_token"=>"cqruGCZZeK7Gdx2tge9wl6W5kM4cwU+2UVkD+k7j3vI=", "career"=>{"name"=>"Programacion IV"}, "commit"=>"Create Career"}
  [1m[36m (0.2ms)[0m  [1mbegin transaction[0m
  [1m[35mSQL (2.0ms)[0m  INSERT INTO "careers" ("created_at", "name", "updated_at") VALUES (?, ?, ?)  [["created_at", Wed, 12 Jun 2013 19:11:15 UTC +00:00], ["name", "Programacion IV"], ["updated_at", Wed, 12 Jun 2013 19:11:15 UTC +00:00]]
  [1m[36m (5.3ms)[0m  [1mcommit transaction[0m
Redirected to http://localhost:3000/careers/1
Completed 302 Found in 14ms (ActiveRecord: 7.4ms)


Started GET "/careers/1" for 127.0.0.1 at 2013-06-12 16:11:15 -0300
Processing by CareersController#show as HTML
  Parameters: {"id"=>"1"}
  [1m[35mCareer Load (0.2ms)[0m  SELECT "careers".* FROM "careers" WHERE "careers"."id" = ? LIMIT 1  [["id", "1"]]
  Rendered careers/show.html.erb within layouts/application (2.2ms)
Completed 200 OK in 97ms (Views: 95.0ms | ActiveRecord: 0.2ms)


Started GET "/assets/application.css?body=1" for 127.0.0.1 at 2013-06-12 16:11:16 -0300
Served asset /application.css - 304 Not Modified (3ms)


Started GET "/assets/careers.css?body=1" for 127.0.0.1 at 2013-06-12 16:11:16 -0300
Served asset /careers.css - 304 Not Modified (0ms)


Started GET "/assets/user_careers.css?body=1" for 127.0.0.1 at 2013-06-12 16:11:16 -0300
Served asset /user_careers.css - 304 Not Modified (0ms)


Started GET "/assets/scaffolds.css?body=1" for 127.0.0.1 at 2013-06-12 16:11:16 -0300
Served asset /scaffolds.css - 304 Not Modified (0ms)


Started GET "/assets/careers.js?body=1" for 127.0.0.1 at 2013-06-12 16:11:16 -0300
Served asset /careers.js - 304 Not Modified (0ms)


Started GET "/assets/user_careers.js?body=1" for 127.0.0.1 at 2013-06-12 16:11:16 -0300
Served asset /user_careers.js - 304 Not Modified (0ms)


Started GET "/user_careers/new" for 127.0.0.1 at 2013-06-12 16:11:34 -0300
Processing by UserCareersController#new as HTML
  Rendered user_careers/_form.html.erb (6.5ms)
  Rendered user_careers/new.html.erb within layouts/application (8.4ms)
Completed 200 OK in 62ms (Views: 53.0ms | ActiveRecord: 0.7ms)


Started GET "/assets/application.css?body=1" for 127.0.0.1 at 2013-06-12 16:11:34 -0300
Served asset /application.css - 304 Not Modified (0ms)


Started GET "/assets/careers.css?body=1" for 127.0.0.1 at 2013-06-12 16:11:34 -0300
Served asset /careers.css - 304 Not Modified (0ms)


Started GET "/assets/scaffolds.css?body=1" for 127.0.0.1 at 2013-06-12 16:11:34 -0300
Served asset /scaffolds.css - 304 Not Modified (0ms)


Started GET "/assets/user_careers.css?body=1" for 127.0.0.1 at 2013-06-12 16:11:34 -0300
Served asset /user_careers.css - 304 Not Modified (0ms)


Started GET "/assets/users.css?body=1" for 127.0.0.1 at 2013-06-12 16:11:34 -0300
Served asset /users.css - 304 Not Modified (5ms)


Started GET "/assets/careers.js?body=1" for 127.0.0.1 at 2013-06-12 16:11:34 -0300
Served asset /careers.js - 304 Not Modified (0ms)


Started GET "/assets/user_careers.js?body=1" for 127.0.0.1 at 2013-06-12 16:11:34 -0300
Served asset /user_careers.js - 304 Not Modified (0ms)


Started GET "/assets/users.js?body=1" for 127.0.0.1 at 2013-06-12 16:11:34 -0300
Served asset /users.js - 304 Not Modified (0ms)


Started POST "/user_careers" for 127.0.0.1 at 2013-06-12 16:11:48 -0300
Processing by UserCareersController#create as HTML
  Parameters: {"utf8"=>"✓", "authenticity_token"=>"cqruGCZZeK7Gdx2tge9wl6W5kM4cwU+2UVkD+k7j3vI=", "user_career"=>{"user_id"=>"1", "career_id"=>"1"}, "commit"=>"Create User career"}
  [1m[36m (0.2ms)[0m  [1mbegin transaction[0m
  [1m[35mSQL (1.7ms)[0m  INSERT INTO "user_careers" ("career_id", "created_at", "updated_at", "user_id") VALUES (?, ?, ?, ?)  [["career_id", 1], ["created_at", Wed, 12 Jun 2013 19:11:48 UTC +00:00], ["updated_at", Wed, 12 Jun 2013 19:11:48 UTC +00:00], ["user_id", 1]]
  [1m[36m (7.7ms)[0m  [1mcommit transaction[0m
Redirected to http://localhost:3000/user_careers/1
Completed 302 Found in 19ms (ActiveRecord: 9.6ms)


Started GET "/user_careers/1" for 127.0.0.1 at 2013-06-12 16:11:48 -0300
Processing by UserCareersController#show as HTML
  Parameters: {"id"=>"1"}
  [1m[35mUserCareer Load (0.2ms)[0m  SELECT "user_careers".* FROM "user_careers" WHERE "user_careers"."id" = ? LIMIT 1  [["id", "1"]]
  Rendered user_careers/show.html.erb within layouts/application (1.6ms)
Completed 200 OK in 50ms (Views: 45.4ms | ActiveRecord: 0.2ms)


Started GET "/assets/application.css?body=1" for 127.0.0.1 at 2013-06-12 16:11:48 -0300
Served asset /application.css - 304 Not Modified (11ms)


Started GET "/assets/careers.css?body=1" for 127.0.0.1 at 2013-06-12 16:11:48 -0300
Served asset /careers.css - 304 Not Modified (0ms)


Started GET "/assets/scaffolds.css?body=1" for 127.0.0.1 at 2013-06-12 16:11:48 -0300
Served asset /scaffolds.css - 304 Not Modified (25ms)


Started GET "/assets/users.css?body=1" for 127.0.0.1 at 2013-06-12 16:11:48 -0300
Served asset /users.css - 304 Not Modified (0ms)


Started GET "/assets/user_careers.css?body=1" for 127.0.0.1 at 2013-06-12 16:11:48 -0300
Served asset /user_careers.css - 304 Not Modified (0ms)


Started GET "/assets/user_careers.js?body=1" for 127.0.0.1 at 2013-06-12 16:11:48 -0300
Served asset /user_careers.js - 304 Not Modified (0ms)


Started GET "/assets/careers.js?body=1" for 127.0.0.1 at 2013-06-12 16:11:48 -0300
Served asset /careers.js - 304 Not Modified (0ms)


Started GET "/assets/users.js?body=1" for 127.0.0.1 at 2013-06-12 16:11:48 -0300
Served asset /users.js - 304 Not Modified (0ms)


Started GET "/user_careers" for 127.0.0.1 at 2013-06-12 16:11:54 -0300
Processing by UserCareersController#index as HTML
  [1m[36mUserCareer Load (0.3ms)[0m  [1mSELECT "user_careers".* FROM "user_careers" [0m
  Rendered user_careers/index.html.erb within layouts/application (2.4ms)
Completed 200 OK in 62ms (Views: 60.1ms | ActiveRecord: 0.3ms)


Started GET "/assets/application.css?body=1" for 127.0.0.1 at 2013-06-12 16:11:54 -0300
Served asset /application.css - 304 Not Modified (8ms)


Started GET "/assets/careers.css?body=1" for 127.0.0.1 at 2013-06-12 16:11:54 -0300
Served asset /careers.css - 304 Not Modified (0ms)


Started GET "/assets/scaffolds.css?body=1" for 127.0.0.1 at 2013-06-12 16:11:54 -0300
Served asset /scaffolds.css - 304 Not Modified (6ms)


Started GET "/assets/users.css?body=1" for 127.0.0.1 at 2013-06-12 16:11:54 -0300
Served asset /users.css - 304 Not Modified (0ms)


Started GET "/assets/user_careers.css?body=1" for 127.0.0.1 at 2013-06-12 16:11:54 -0300
Served asset /user_careers.css - 304 Not Modified (0ms)


Started GET "/assets/careers.js?body=1" for 127.0.0.1 at 2013-06-12 16:11:54 -0300
Served asset /careers.js - 304 Not Modified (0ms)


Started GET "/assets/user_careers.js?body=1" for 127.0.0.1 at 2013-06-12 16:11:54 -0300
Served asset /user_careers.js - 304 Not Modified (53ms)


Started GET "/assets/users.js?body=1" for 127.0.0.1 at 2013-06-12 16:11:54 -0300
Served asset /users.js - 304 Not Modified (0ms)


Started GET "/user_careers/new" for 127.0.0.1 at 2013-06-12 16:11:57 -0300
Processing by UserCareersController#new as HTML
  Rendered user_careers/_form.html.erb (3.4ms)
  Rendered user_careers/new.html.erb within layouts/application (5.3ms)
Completed 200 OK in 44ms (Views: 43.2ms | ActiveRecord: 0.0ms)


Started GET "/assets/application.css?body=1" for 127.0.0.1 at 2013-06-12 16:11:57 -0300
Served asset /application.css - 304 Not Modified (0ms)


Started GET "/assets/careers.css?body=1" for 127.0.0.1 at 2013-06-12 16:11:57 -0300
Served asset /careers.css - 304 Not Modified (0ms)


Started GET "/assets/scaffolds.css?body=1" for 127.0.0.1 at 2013-06-12 16:11:57 -0300
Served asset /scaffolds.css - 304 Not Modified (0ms)


Started GET "/assets/user_careers.css?body=1" for 127.0.0.1 at 2013-06-12 16:11:57 -0300
Served asset /user_careers.css - 304 Not Modified (0ms)


Started GET "/assets/users.css?body=1" for 127.0.0.1 at 2013-06-12 16:11:57 -0300
Served asset /users.css - 304 Not Modified (0ms)


Started GET "/assets/careers.js?body=1" for 127.0.0.1 at 2013-06-12 16:11:57 -0300
Served asset /careers.js - 304 Not Modified (0ms)


Started GET "/assets/user_careers.js?body=1" for 127.0.0.1 at 2013-06-12 16:11:57 -0300
Served asset /user_careers.js - 304 Not Modified (0ms)


Started GET "/assets/users.js?body=1" for 127.0.0.1 at 2013-06-12 16:11:57 -0300
Served asset /users.js - 304 Not Modified (0ms)


Started GET "/user_careers" for 127.0.0.1 at 2013-06-12 16:12:13 -0300
Processing by UserCareersController#index as HTML
  [1m[35mUserCareer Load (0.4ms)[0m  SELECT "user_careers".* FROM "user_careers" 
  Rendered user_careers/index.html.erb within layouts/application (1.7ms)
Completed 200 OK in 40ms (Views: 38.3ms | ActiveRecord: 0.4ms)


Started GET "/assets/application.css?body=1" for 127.0.0.1 at 2013-06-12 16:12:13 -0300
Served asset /application.css - 304 Not Modified (0ms)


Started GET "/assets/careers.css?body=1" for 127.0.0.1 at 2013-06-12 16:12:13 -0300
Served asset /careers.css - 304 Not Modified (0ms)


Started GET "/assets/scaffolds.css?body=1" for 127.0.0.1 at 2013-06-12 16:12:13 -0300
Served asset /scaffolds.css - 304 Not Modified (0ms)


Started GET "/assets/user_careers.css?body=1" for 127.0.0.1 at 2013-06-12 16:12:13 -0300
Served asset /user_careers.css - 304 Not Modified (0ms)


Started GET "/assets/users.css?body=1" for 127.0.0.1 at 2013-06-12 16:12:13 -0300
Served asset /users.css - 304 Not Modified (0ms)


Started GET "/assets/careers.js?body=1" for 127.0.0.1 at 2013-06-12 16:12:13 -0300
Served asset /careers.js - 304 Not Modified (0ms)


Started GET "/assets/user_careers.js?body=1" for 127.0.0.1 at 2013-06-12 16:12:13 -0300
Served asset /user_careers.js - 304 Not Modified (0ms)


Started GET "/assets/users.js?body=1" for 127.0.0.1 at 2013-06-12 16:12:13 -0300
Served asset /users.js - 304 Not Modified (0ms)
Connecting to database specified by database.yml
Connecting to database specified by database.yml
Connecting to database specified by database.yml
Connecting to database specified by database.yml
Connecting to database specified by database.yml
Connecting to database specified by database.yml
Connecting to database specified by database.yml
Connecting to database specified by database.yml
Connecting to database specified by database.yml
  [1m[36m (2.7ms)[0m  [1mSELECT "schema_migrations"."version" FROM "schema_migrations" [0m
Migrating to CreateUsers (20130612190340)
Migrating to CreateCareers (20130612190603)
Migrating to CreateUserCareers (20130612190729)
Migrating to CreateSubjects (20130612192407)
  [1m[35m (0.1ms)[0m  select sqlite_version(*)
  [1m[36m (0.1ms)[0m  [1mbegin transaction[0m
  [1m[35m (8.6ms)[0m  CREATE TABLE "subjects" ("id" INTEGER PRIMARY KEY AUTOINCREMENT NOT NULL, "name" varchar(255), "year" integer, "question_id" integer, "created_at" datetime NOT NULL, "updated_at" datetime NOT NULL) 
  [1m[36m (1.0ms)[0m  [1mINSERT INTO "schema_migrations" ("version") VALUES ('20130612192407')[0m
  [1m[35m (11.3ms)[0m  commit transaction
Migrating to CreateQuestions (20130612192726)
  [1m[36m (0.1ms)[0m  [1mbegin transaction[0m
  [1m[35m (1.1ms)[0m  CREATE TABLE "questions" ("id" INTEGER PRIMARY KEY AUTOINCREMENT NOT NULL, "query" varchar(255), "user__id" integer, "subject_id" integer, "created_at" datetime NOT NULL, "updated_at" datetime NOT NULL) 
  [1m[36m (1.9ms)[0m  [1mINSERT INTO "schema_migrations" ("version") VALUES ('20130612192726')[0m
  [1m[35m (2.6ms)[0m  commit transaction
Migrating to CreateAnswers (20130612193115)
  [1m[36m (0.0ms)[0m  [1mbegin transaction[0m
  [1m[35m (10.9ms)[0m  CREATE TABLE "answers" ("id" INTEGER PRIMARY KEY AUTOINCREMENT NOT NULL, "positive_rate" integer, "negative_rate" integer, "teacher_approval" boolean, "user__id" integer, "question_id" integer, "created_at" datetime NOT NULL, "updated_at" datetime NOT NULL) 
  [1m[36m (0.4ms)[0m  [1mINSERT INTO "schema_migrations" ("version") VALUES ('20130612193115')[0m
  [1m[35m (2.4ms)[0m  commit transaction
  [1m[36m (0.1ms)[0m  [1mSELECT "schema_migrations"."version" FROM "schema_migrations" [0m
Connecting to database specified by database.yml


Started GET "/assets/rails.png" for 127.0.0.1 at 2013-06-12 16:58:18 -0300
Served asset /rails.png - 304 Not Modified (2ms)


Started GET "/users/new" for 127.0.0.1 at 2013-06-12 16:58:26 -0300
Processing by UsersController#new as HTML
  Rendered users/_form.html.erb (14.8ms)
  Rendered users/new.html.erb within layouts/application (25.1ms)
Compiled answers.css  (37ms)  (pid 2721)
Compiled questions.css  (1ms)  (pid 2721)
Compiled subjects.css  (0ms)  (pid 2721)
Compiled application.css  (66ms)  (pid 2721)
Compiled answers.js  (205ms)  (pid 2721)
Compiled questions.js  (1ms)  (pid 2721)
Compiled subjects.js  (0ms)  (pid 2721)
Compiled application.js  (236ms)  (pid 2721)
Completed 200 OK in 588ms (Views: 498.7ms | ActiveRecord: 8.2ms)


Started GET "/assets/application.css?body=1" for 127.0.0.1 at 2013-06-12 16:58:27 -0300
Served asset /application.css - 304 Not Modified (45ms)


Started GET "/assets/answers.css?body=1" for 127.0.0.1 at 2013-06-12 16:58:27 -0300
Served asset /answers.css - 200 OK (1ms)


Started GET "/assets/careers.css?body=1" for 127.0.0.1 at 2013-06-12 16:58:27 -0300
Served asset /careers.css - 304 Not Modified (13ms)


Started GET "/assets/questions.css?body=1" for 127.0.0.1 at 2013-06-12 16:58:27 -0300
Served asset /questions.css - 200 OK (13ms)


Started GET "/assets/subjects.css?body=1" for 127.0.0.1 at 2013-06-12 16:58:27 -0300
Served asset /subjects.css - 200 OK (9ms)


Started GET "/assets/scaffolds.css?body=1" for 127.0.0.1 at 2013-06-12 16:58:27 -0300
Served asset /scaffolds.css - 304 Not Modified (1ms)


Started GET "/assets/user_careers.css?body=1" for 127.0.0.1 at 2013-06-12 16:58:27 -0300
Served asset /user_careers.css - 304 Not Modified (1ms)


Started GET "/assets/users.css?body=1" for 127.0.0.1 at 2013-06-12 16:58:27 -0300
Served asset /users.css - 304 Not Modified (16ms)


Started GET "/assets/jquery_ujs.js?body=1" for 127.0.0.1 at 2013-06-12 16:58:27 -0300
Served asset /jquery_ujs.js - 304 Not Modified (13ms)


Started GET "/assets/jquery.js?body=1" for 127.0.0.1 at 2013-06-12 16:58:27 -0300
Served asset /jquery.js - 304 Not Modified (11ms)


Started GET "/assets/answers.js?body=1" for 127.0.0.1 at 2013-06-12 16:58:27 -0300
Served asset /answers.js - 200 OK (2ms)


Started GET "/assets/questions.js?body=1" for 127.0.0.1 at 2013-06-12 16:58:27 -0300
Served asset /questions.js - 200 OK (1ms)


Started GET "/assets/subjects.js?body=1" for 127.0.0.1 at 2013-06-12 16:58:27 -0300
Served asset /subjects.js - 200 OK (1ms)


Started GET "/assets/careers.js?body=1" for 127.0.0.1 at 2013-06-12 16:58:27 -0300
Served asset /careers.js - 304 Not Modified (3ms)


Started GET "/assets/user_careers.js?body=1" for 127.0.0.1 at 2013-06-12 16:58:27 -0300
Served asset /user_careers.js - 304 Not Modified (2ms)


Started GET "/assets/users.js?body=1" for 127.0.0.1 at 2013-06-12 16:58:27 -0300
Served asset /users.js - 304 Not Modified (1ms)


Started GET "/assets/application.js?body=1" for 127.0.0.1 at 2013-06-12 16:58:27 -0300
Served asset /application.js - 304 Not Modified (42ms)


Started POST "/users" for 127.0.0.1 at 2013-06-12 16:58:40 -0300
Processing by UsersController#create as HTML
  Parameters: {"utf8"=>"✓", "authenticity_token"=>"cqruGCZZeK7Gdx2tge9wl6W5kM4cwU+2UVkD+k7j3vI=", "user"=>{"name"=>"pablo", "lastname"=>"apblto", "alias"=>"sd", "email"=>"sd", "pass"=>"d", "role"=>"0"}, "commit"=>"Create User"}
  [1m[36m (0.3ms)[0m  [1mbegin transaction[0m
  [1m[35mSQL (40.4ms)[0m  INSERT INTO "users" ("alias", "created_at", "email", "lastname", "name", "pass", "role", "updated_at") VALUES (?, ?, ?, ?, ?, ?, ?, ?)  [["alias", "sd"], ["created_at", Wed, 12 Jun 2013 19:58:40 UTC +00:00], ["email", "sd"], ["lastname", "apblto"], ["name", "pablo"], ["pass", "d"], ["role", false], ["updated_at", Wed, 12 Jun 2013 19:58:40 UTC +00:00]]
  [1m[36m (7.1ms)[0m  [1mcommit transaction[0m
Redirected to http://localhost:3000/users/2
Completed 302 Found in 55ms (ActiveRecord: 47.8ms)


Started GET "/users/2" for 127.0.0.1 at 2013-06-12 16:58:40 -0300
Processing by UsersController#show as HTML
  Parameters: {"id"=>"2"}
  [1m[35mUser Load (0.2ms)[0m  SELECT "users".* FROM "users" WHERE "users"."id" = ? LIMIT 1  [["id", "2"]]
  Rendered users/show.html.erb within layouts/application (12.3ms)
Completed 500 Internal Server Error in 21ms

ActionView::Template::Error (undefined method `user_career' for #<User:0xa8c909c>):
    27: 
    28: <p>
    29:   <b>User career:</b>
    30:   <%= @user.user_career %>
    31: </p>
    32: 
    33: <p>
  app/views/users/show.html.erb:30:in `_app_views_users_show_html_erb__770238476_83621510'
  app/controllers/users_controller.rb:18:in `show'


  Rendered /home/web/.rvm/gems/ruby-1.9.3-p392/gems/actionpack-3.2.13/lib/action_dispatch/middleware/templates/rescues/_trace.erb (2.0ms)
  Rendered /home/web/.rvm/gems/ruby-1.9.3-p392/gems/actionpack-3.2.13/lib/action_dispatch/middleware/templates/rescues/_request_and_response.erb (3.1ms)
  Rendered /home/web/.rvm/gems/ruby-1.9.3-p392/gems/actionpack-3.2.13/lib/action_dispatch/middleware/templates/rescues/template_error.erb within rescues/layout (16.3ms)


Started GET "/users/2" for 127.0.0.1 at 2013-06-12 16:59:11 -0300
Processing by UsersController#show as HTML
  Parameters: {"id"=>"2"}
  [1m[36mUser Load (0.3ms)[0m  [1mSELECT "users".* FROM "users" WHERE "users"."id" = ? LIMIT 1[0m  [["id", "2"]]
  Rendered users/show.html.erb within layouts/application (2.0ms)
Completed 200 OK in 94ms (Views: 91.0ms | ActiveRecord: 0.3ms)


Started GET "/assets/application.css?body=1" for 127.0.0.1 at 2013-06-12 16:59:12 -0300
Served asset /application.css - 304 Not Modified (34ms)


Started GET "/assets/careers.css?body=1" for 127.0.0.1 at 2013-06-12 16:59:12 -0300
Served asset /careers.css - 304 Not Modified (38ms)


Started GET "/assets/answers.css?body=1" for 127.0.0.1 at 2013-06-12 16:59:12 -0300
Served asset /answers.css - 304 Not Modified (0ms)


Started GET "/assets/questions.css?body=1" for 127.0.0.1 at 2013-06-12 16:59:12 -0300
Served asset /questions.css - 304 Not Modified (0ms)


Started GET "/assets/scaffolds.css?body=1" for 127.0.0.1 at 2013-06-12 16:59:12 -0300
Served asset /scaffolds.css - 304 Not Modified (0ms)


Started GET "/assets/subjects.css?body=1" for 127.0.0.1 at 2013-06-12 16:59:12 -0300
Served asset /subjects.css - 304 Not Modified (0ms)


Started GET "/assets/user_careers.css?body=1" for 127.0.0.1 at 2013-06-12 16:59:12 -0300
Served asset /user_careers.css - 304 Not Modified (0ms)


Started GET "/assets/users.css?body=1" for 127.0.0.1 at 2013-06-12 16:59:12 -0300
Served asset /users.css - 304 Not Modified (0ms)


Started GET "/assets/jquery_ujs.js?body=1" for 127.0.0.1 at 2013-06-12 16:59:12 -0300
Served asset /jquery_ujs.js - 304 Not Modified (0ms)


Started GET "/assets/jquery.js?body=1" for 127.0.0.1 at 2013-06-12 16:59:12 -0300
Served asset /jquery.js - 304 Not Modified (10ms)


Started GET "/assets/answers.js?body=1" for 127.0.0.1 at 2013-06-12 16:59:12 -0300
Served asset /answers.js - 304 Not Modified (0ms)


Started GET "/assets/careers.js?body=1" for 127.0.0.1 at 2013-06-12 16:59:12 -0300
Served asset /careers.js - 304 Not Modified (1ms)


Started GET "/assets/users.js?body=1" for 127.0.0.1 at 2013-06-12 16:59:12 -0300
Served asset /users.js - 304 Not Modified (0ms)


Started GET "/assets/subjects.js?body=1" for 127.0.0.1 at 2013-06-12 16:59:12 -0300
Served asset /subjects.js - 304 Not Modified (0ms)


Started GET "/assets/user_careers.js?body=1" for 127.0.0.1 at 2013-06-12 16:59:12 -0300
Served asset /user_careers.js - 304 Not Modified (0ms)


Started GET "/assets/questions.js?body=1" for 127.0.0.1 at 2013-06-12 16:59:12 -0300
Served asset /questions.js - 304 Not Modified (0ms)


Started GET "/assets/application.js?body=1" for 127.0.0.1 at 2013-06-12 16:59:12 -0300
Served asset /application.js - 304 Not Modified (10ms)
